<?xml version="1.0" encoding="UTF-8"?>
<testng-results ignored="0" total="1" passed="1" failed="0" skipped="0">
  <reporter-output>
  </reporter-output>
  <suite started-at="2023-11-18T19:16:06 IST" name="Default suite" finished-at="2023-11-18T19:17:28 IST" duration-ms="82373">
    <groups>
    </groups>
    <test started-at="2023-11-18T19:16:06 IST" name="Default test" finished-at="2023-11-18T19:17:28 IST" duration-ms="82373">
      <class name="script.LoginTest">
        <test-method is-config="true" signature="setUp()[pri:0, instance:script.LoginTest@543588e6]" started-at="2023-11-18T19:16:06 IST" name="setUp" finished-at="2023-11-18T19:16:08 IST" duration-ms="1968" status="PASS">
          <reporter-output>
          </reporter-output>
        </test-method> <!-- setUp -->
        <test-method signature="testLogin()[pri:0, instance:script.LoginTest@543588e6]" started-at="2023-11-18T19:16:08 IST" name="testLogin" finished-at="2023-11-18T19:17:28 IST" duration-ms="80366" status="PASS">
          <reporter-output>
          </reporter-output>
        </test-method> <!-- testLogin -->
      </class> <!-- script.LoginTest -->
    </test> <!-- Default test -->
  </suite> <!-- Default suite -->
</testng-results>
