<?xml version="1.0" encoding="UTF-8"?>
<testsuite xmlns:xsi="http://www.w3.org/2001/XMLSchema-instance" xsi:noNamespaceSchemaLocation="https://maven.apache.org/surefire/maven-surefire-plugin/xsd/surefire-test-report-3.0.xsd" version="3.0" name="script.LoginTest" time="77.868" tests="1" errors="0" skipped="0" failures="0">
  <properties>
[...]
</properties>
  <testcase name="testLogin" classname="script.LoginTest" time="75.704">
    <system-out><![CDATA[[[[ChromeDriver: chrome on windows (c95fbdef5123f6832325d3ee38676c83)] -> xpath: //input[@required='required']], [[ChromeDriver: chrome on windows (c95fbdef5123f6832325d3ee38676c83)] -> xpath: //input[@required='required']], [[ChromeDriver: chrome on windows (c95fbdef5123f6832325d3ee38676c83)] -> xpath: //input[@required='required']], [[ChromeDriver: chrome on windows (c95fbdef5123f6832325d3ee38676c83)] -> xpath: //input[@required='required']]]
I am an alert box!
]]></system-out>
    <system-err><![CDATA[SLF4J: Failed to load class "org.slf4j.impl.StaticLoggerBinder".
SLF4J: Defaulting to no-operation (NOP) logger implementation
SLF4J: See http://www.slf4j.org/codes.html#StaticLoggerBinder for further details.
Nov 18, 2023 7:32:51 PM org.openqa.selenium.devtools.CdpVersionFinder findNearestMatch
WARNING: Unable to find an exact match for CDP version 119, returning the closest version; found: 118; Please update to a Selenium version that supports CDP version 119
]]></system-err>
  </testcase>
</testsuite>