<?xml version="1.0" encoding="UTF-8"?>
<testng-results ignored="0" total="1" passed="1" failed="0" skipped="0">
  <reporter-output>
  </reporter-output>
  <suite started-at="2023-11-18T19:32:49 IST" name="Surefire suite" finished-at="2023-11-18T19:34:07 IST" duration-ms="77496">
    <groups>
    </groups>
    <test started-at="2023-11-18T19:32:49 IST" name="Surefire test" finished-at="2023-11-18T19:34:07 IST" duration-ms="77496">
      <class name="script.LoginTest">
        <test-method is-config="true" signature="setUp()[pri:0, instance:script.LoginTest@222114ba]" started-at="2023-11-18T19:32:49 IST" name="setUp" finished-at="2023-11-18T19:32:51 IST" duration-ms="1763" status="PASS">
          <reporter-output>
          </reporter-output>
        </test-method> <!-- setUp -->
        <test-method signature="testLogin()[pri:0, instance:script.LoginTest@222114ba]" started-at="2023-11-18T19:32:51 IST" name="testLogin" finished-at="2023-11-18T19:34:07 IST" duration-ms="75703" status="PASS">
          <reporter-output>
          </reporter-output>
        </test-method> <!-- testLogin -->
      </class> <!-- script.LoginTest -->
    </test> <!-- Surefire test -->
  </suite> <!-- Surefire suite -->
</testng-results>
